::1 - - [08/Jan/2019:13:56:41 +0000] "OPTIONS /access/init HTTP/1.1" 204 0 "http://localhost:2200/register" "Mozilla/5.0 (Macintosh; Intel Mac OS X 10_13_6) AppleWebKit/605.1.15 (KHTML, like Gecko) Version/12.0.2 Safari/605.1.15"
::1 - - [08/Jan/2019:13:56:41 +0000] "POST /access/init HTTP/1.1" 200 132 "http://localhost:2200/register" "Mozilla/5.0 (Macintosh; Intel Mac OS X 10_13_6) AppleWebKit/605.1.15 (KHTML, like Gecko) Version/12.0.2 Safari/605.1.15"
::1 - - [08/Jan/2019:13:56:41 +0000] "OPTIONS /verify/user/aanet66@gmail.com HTTP/1.1" 204 0 "http://localhost:2200/register" "Mozilla/5.0 (Macintosh; Intel Mac OS X 10_13_6) AppleWebKit/605.1.15 (KHTML, like Gecko) Version/12.0.2 Safari/605.1.15"
::1 - - [08/Jan/2019:13:56:41 +0000] "GET /verify/user/aanet66@gmail.com HTTP/1.1" 200 36 "http://localhost:2200/register" "Mozilla/5.0 (Macintosh; Intel Mac OS X 10_13_6) AppleWebKit/605.1.15 (KHTML, like Gecko) Version/12.0.2 Safari/605.1.15"
::1 - - [08/Jan/2019:13:56:41 +0000] "OPTIONS /register/user HTTP/1.1" 204 0 "http://localhost:2200/register" "Mozilla/5.0 (Macintosh; Intel Mac OS X 10_13_6) AppleWebKit/605.1.15 (KHTML, like Gecko) Version/12.0.2 Safari/605.1.15"
::1 - - [08/Jan/2019:13:56:53 +0000] "OPTIONS /access/init HTTP/1.1" 204 0 "http://localhost:2200/register" "Mozilla/5.0 (Macintosh; Intel Mac OS X 10_13_6) AppleWebKit/605.1.15 (KHTML, like Gecko) Version/12.0.2 Safari/605.1.15"
::1 - - [08/Jan/2019:13:56:53 +0000] "POST /access/init HTTP/1.1" 200 132 "http://localhost:2200/register" "Mozilla/5.0 (Macintosh; Intel Mac OS X 10_13_6) AppleWebKit/605.1.15 (KHTML, like Gecko) Version/12.0.2 Safari/605.1.15"
::1 - - [08/Jan/2019:13:56:53 +0000] "OPTIONS /verify/user/aanet66@gmail.com HTTP/1.1" 204 0 "http://localhost:2200/register" "Mozilla/5.0 (Macintosh; Intel Mac OS X 10_13_6) AppleWebKit/605.1.15 (KHTML, like Gecko) Version/12.0.2 Safari/605.1.15"
::1 - - [08/Jan/2019:13:56:53 +0000] "GET /verify/user/aanet66@gmail.com HTTP/1.1" 304 - "http://localhost:2200/register" "Mozilla/5.0 (Macintosh; Intel Mac OS X 10_13_6) AppleWebKit/605.1.15 (KHTML, like Gecko) Version/12.0.2 Safari/605.1.15"
::1 - - [08/Jan/2019:13:56:53 +0000] "OPTIONS /register/user HTTP/1.1" 204 0 "http://localhost:2200/register" "Mozilla/5.0 (Macintosh; Intel Mac OS X 10_13_6) AppleWebKit/605.1.15 (KHTML, like Gecko) Version/12.0.2 Safari/605.1.15"
::1 - - [08/Jan/2019:13:57:00 +0000] "OPTIONS /access/init HTTP/1.1" 204 0 "http://localhost:2200/register" "Mozilla/5.0 (Macintosh; Intel Mac OS X 10_13_6) AppleWebKit/605.1.15 (KHTML, like Gecko) Version/12.0.2 Safari/605.1.15"
::1 - - [08/Jan/2019:13:57:00 +0000] "POST /access/init HTTP/1.1" 200 132 "http://localhost:2200/register" "Mozilla/5.0 (Macintosh; Intel Mac OS X 10_13_6) AppleWebKit/605.1.15 (KHTML, like Gecko) Version/12.0.2 Safari/605.1.15"
::1 - - [08/Jan/2019:13:57:00 +0000] "OPTIONS /verify/user/aanet66@gmail.com HTTP/1.1" 204 0 "http://localhost:2200/register" "Mozilla/5.0 (Macintosh; Intel Mac OS X 10_13_6) AppleWebKit/605.1.15 (KHTML, like Gecko) Version/12.0.2 Safari/605.1.15"
::1 - - [08/Jan/2019:13:57:00 +0000] "GET /verify/user/aanet66@gmail.com HTTP/1.1" 304 - "http://localhost:2200/register" "Mozilla/5.0 (Macintosh; Intel Mac OS X 10_13_6) AppleWebKit/605.1.15 (KHTML, like Gecko) Version/12.0.2 Safari/605.1.15"
::1 - - [08/Jan/2019:13:57:00 +0000] "OPTIONS /register/user HTTP/1.1" 204 0 "http://localhost:2200/register" "Mozilla/5.0 (Macintosh; Intel Mac OS X 10_13_6) AppleWebKit/605.1.15 (KHTML, like Gecko) Version/12.0.2 Safari/605.1.15"
::1 - - [08/Jan/2019:13:57:49 +0000] "OPTIONS /access/init HTTP/1.1" 204 0 "-" "Mozilla/5.0 (iPhone; CPU iPhone OS 11_0 like Mac OS X) AppleWebKit/604.1.38 (KHTML, like Gecko) Version/11.0 Mobile/15A372 Safari/604.1"
::1 - - [08/Jan/2019:13:57:49 +0000] "POST /access/init HTTP/1.1" 200 132 "http://localhost:2200/register" "Mozilla/5.0 (iPhone; CPU iPhone OS 11_0 like Mac OS X) AppleWebKit/604.1.38 (KHTML, like Gecko) Version/11.0 Mobile/15A372 Safari/604.1"
::1 - - [08/Jan/2019:13:57:49 +0000] "OPTIONS /verify/user/aanet66@gmail.com HTTP/1.1" 204 0 "-" "Mozilla/5.0 (iPhone; CPU iPhone OS 11_0 like Mac OS X) AppleWebKit/604.1.38 (KHTML, like Gecko) Version/11.0 Mobile/15A372 Safari/604.1"
::1 - - [08/Jan/2019:13:57:49 +0000] "GET /verify/user/aanet66@gmail.com HTTP/1.1" 200 36 "http://localhost:2200/register" "Mozilla/5.0 (iPhone; CPU iPhone OS 11_0 like Mac OS X) AppleWebKit/604.1.38 (KHTML, like Gecko) Version/11.0 Mobile/15A372 Safari/604.1"
::1 - - [08/Jan/2019:13:57:49 +0000] "OPTIONS /register/user HTTP/1.1" 204 0 "-" "Mozilla/5.0 (iPhone; CPU iPhone OS 11_0 like Mac OS X) AppleWebKit/604.1.38 (KHTML, like Gecko) Version/11.0 Mobile/15A372 Safari/604.1"
::1 - - [08/Jan/2019:17:34:03 +0000] "OPTIONS /access/init HTTP/1.1" 204 0 "-" "Mozilla/5.0 (iPhone; CPU iPhone OS 11_0 like Mac OS X) AppleWebKit/604.1.38 (KHTML, like Gecko) Version/11.0 Mobile/15A372 Safari/604.1"
::1 - - [08/Jan/2019:17:34:03 +0000] "POST /access/init HTTP/1.1" 200 132 "http://localhost:2200/register" "Mozilla/5.0 (iPhone; CPU iPhone OS 11_0 like Mac OS X) AppleWebKit/604.1.38 (KHTML, like Gecko) Version/11.0 Mobile/15A372 Safari/604.1"
::1 - - [08/Jan/2019:17:34:03 +0000] "OPTIONS /verify/user/hello@asheori.com HTTP/1.1" 204 0 "-" "Mozilla/5.0 (iPhone; CPU iPhone OS 11_0 like Mac OS X) AppleWebKit/604.1.38 (KHTML, like Gecko) Version/11.0 Mobile/15A372 Safari/604.1"
::1 - - [08/Jan/2019:17:34:03 +0000] "GET /verify/user/hello@asheori.com HTTP/1.1" 200 36 "http://localhost:2200/register" "Mozilla/5.0 (iPhone; CPU iPhone OS 11_0 like Mac OS X) AppleWebKit/604.1.38 (KHTML, like Gecko) Version/11.0 Mobile/15A372 Safari/604.1"
::1 - - [08/Jan/2019:17:34:03 +0000] "OPTIONS /register/user HTTP/1.1" 204 0 "-" "Mozilla/5.0 (iPhone; CPU iPhone OS 11_0 like Mac OS X) AppleWebKit/604.1.38 (KHTML, like Gecko) Version/11.0 Mobile/15A372 Safari/604.1"
::1 - - [08/Jan/2019:17:36:17 +0000] "OPTIONS /access/init HTTP/1.1" 204 0 "-" "Mozilla/5.0 (iPhone; CPU iPhone OS 11_0 like Mac OS X) AppleWebKit/604.1.38 (KHTML, like Gecko) Version/11.0 Mobile/15A372 Safari/604.1"
::1 - - [08/Jan/2019:17:36:17 +0000] "POST /access/init HTTP/1.1" 200 132 "http://localhost:2200/register" "Mozilla/5.0 (iPhone; CPU iPhone OS 11_0 like Mac OS X) AppleWebKit/604.1.38 (KHTML, like Gecko) Version/11.0 Mobile/15A372 Safari/604.1"
::1 - - [08/Jan/2019:17:36:17 +0000] "OPTIONS /verify/user/kolagrey@gmail.com HTTP/1.1" 204 0 "-" "Mozilla/5.0 (iPhone; CPU iPhone OS 11_0 like Mac OS X) AppleWebKit/604.1.38 (KHTML, like Gecko) Version/11.0 Mobile/15A372 Safari/604.1"
::1 - - [08/Jan/2019:17:36:18 +0000] "GET /verify/user/kolagrey@gmail.com HTTP/1.1" 200 36 "http://localhost:2200/register" "Mozilla/5.0 (iPhone; CPU iPhone OS 11_0 like Mac OS X) AppleWebKit/604.1.38 (KHTML, like Gecko) Version/11.0 Mobile/15A372 Safari/604.1"
::1 - - [08/Jan/2019:17:36:18 +0000] "OPTIONS /register/user HTTP/1.1" 204 0 "-" "Mozilla/5.0 (iPhone; CPU iPhone OS 11_0 like Mac OS X) AppleWebKit/604.1.38 (KHTML, like Gecko) Version/11.0 Mobile/15A372 Safari/604.1"
::1 - - [08/Jan/2019:17:37:06 +0000] "OPTIONS /access/init HTTP/1.1" 204 0 "-" "Mozilla/5.0 (iPhone; CPU iPhone OS 11_0 like Mac OS X) AppleWebKit/604.1.38 (KHTML, like Gecko) Version/11.0 Mobile/15A372 Safari/604.1"
::1 - - [08/Jan/2019:17:37:07 +0000] "POST /access/init HTTP/1.1" 200 132 "http://localhost:2200/register" "Mozilla/5.0 (iPhone; CPU iPhone OS 11_0 like Mac OS X) AppleWebKit/604.1.38 (KHTML, like Gecko) Version/11.0 Mobile/15A372 Safari/604.1"
::1 - - [08/Jan/2019:17:37:07 +0000] "OPTIONS /verify/user/kolagrey@gmail.com HTTP/1.1" 204 0 "-" "Mozilla/5.0 (iPhone; CPU iPhone OS 11_0 like Mac OS X) AppleWebKit/604.1.38 (KHTML, like Gecko) Version/11.0 Mobile/15A372 Safari/604.1"
::1 - - [08/Jan/2019:17:37:07 +0000] "GET /verify/user/kolagrey@gmail.com HTTP/1.1" 304 - "http://localhost:2200/register" "Mozilla/5.0 (iPhone; CPU iPhone OS 11_0 like Mac OS X) AppleWebKit/604.1.38 (KHTML, like Gecko) Version/11.0 Mobile/15A372 Safari/604.1"
::1 - - [08/Jan/2019:17:37:07 +0000] "OPTIONS /register/user HTTP/1.1" 204 0 "-" "Mozilla/5.0 (iPhone; CPU iPhone OS 11_0 like Mac OS X) AppleWebKit/604.1.38 (KHTML, like Gecko) Version/11.0 Mobile/15A372 Safari/604.1"
::1 - - [08/Jan/2019:17:39:12 +0000] "OPTIONS /access/init HTTP/1.1" 204 0 "-" "Mozilla/5.0 (iPhone; CPU iPhone OS 11_0 like Mac OS X) AppleWebKit/604.1.38 (KHTML, like Gecko) Version/11.0 Mobile/15A372 Safari/604.1"
::1 - - [08/Jan/2019:17:39:12 +0000] "POST /access/init HTTP/1.1" 200 132 "http://localhost:2200/register" "Mozilla/5.0 (iPhone; CPU iPhone OS 11_0 like Mac OS X) AppleWebKit/604.1.38 (KHTML, like Gecko) Version/11.0 Mobile/15A372 Safari/604.1"
::1 - - [08/Jan/2019:17:39:13 +0000] "OPTIONS /verify/user/kolagrey@gmail.com HTTP/1.1" 204 0 "-" "Mozilla/5.0 (iPhone; CPU iPhone OS 11_0 like Mac OS X) AppleWebKit/604.1.38 (KHTML, like Gecko) Version/11.0 Mobile/15A372 Safari/604.1"
::1 - - [08/Jan/2019:17:39:13 +0000] "GET /verify/user/kolagrey@gmail.com HTTP/1.1" 304 - "http://localhost:2200/register" "Mozilla/5.0 (iPhone; CPU iPhone OS 11_0 like Mac OS X) AppleWebKit/604.1.38 (KHTML, like Gecko) Version/11.0 Mobile/15A372 Safari/604.1"
::1 - - [08/Jan/2019:17:39:13 +0000] "OPTIONS /register/user HTTP/1.1" 204 0 "-" "Mozilla/5.0 (iPhone; CPU iPhone OS 11_0 like Mac OS X) AppleWebKit/604.1.38 (KHTML, like Gecko) Version/11.0 Mobile/15A372 Safari/604.1"
::1 - - [08/Jan/2019:17:41:17 +0000] "OPTIONS /access/init HTTP/1.1" 204 0 "-" "Mozilla/5.0 (iPhone; CPU iPhone OS 11_0 like Mac OS X) AppleWebKit/604.1.38 (KHTML, like Gecko) Version/11.0 Mobile/15A372 Safari/604.1"
::1 - - [08/Jan/2019:17:41:17 +0000] "POST /access/init HTTP/1.1" 200 132 "http://localhost:2200/register" "Mozilla/5.0 (iPhone; CPU iPhone OS 11_0 like Mac OS X) AppleWebKit/604.1.38 (KHTML, like Gecko) Version/11.0 Mobile/15A372 Safari/604.1"
::1 - - [08/Jan/2019:17:41:17 +0000] "OPTIONS /verify/user/kolagrey@gmail.com HTTP/1.1" 204 0 "-" "Mozilla/5.0 (iPhone; CPU iPhone OS 11_0 like Mac OS X) AppleWebKit/604.1.38 (KHTML, like Gecko) Version/11.0 Mobile/15A372 Safari/604.1"
::1 - - [08/Jan/2019:17:41:17 +0000] "GET /verify/user/kolagrey@gmail.com HTTP/1.1" 304 - "http://localhost:2200/register" "Mozilla/5.0 (iPhone; CPU iPhone OS 11_0 like Mac OS X) AppleWebKit/604.1.38 (KHTML, like Gecko) Version/11.0 Mobile/15A372 Safari/604.1"
::1 - - [08/Jan/2019:17:41:17 +0000] "OPTIONS /register/user HTTP/1.1" 204 0 "-" "Mozilla/5.0 (iPhone; CPU iPhone OS 11_0 like Mac OS X) AppleWebKit/604.1.38 (KHTML, like Gecko) Version/11.0 Mobile/15A372 Safari/604.1"
::1 - - [08/Jan/2019:17:47:50 +0000] "OPTIONS /access/init HTTP/1.1" 204 0 "-" "Mozilla/5.0 (iPhone; CPU iPhone OS 11_0 like Mac OS X) AppleWebKit/604.1.38 (KHTML, like Gecko) Version/11.0 Mobile/15A372 Safari/604.1"
::1 - - [08/Jan/2019:17:47:50 +0000] "POST /access/init HTTP/1.1" 200 132 "http://localhost:2200/register" "Mozilla/5.0 (iPhone; CPU iPhone OS 11_0 like Mac OS X) AppleWebKit/604.1.38 (KHTML, like Gecko) Version/11.0 Mobile/15A372 Safari/604.1"
::1 - - [08/Jan/2019:17:47:51 +0000] "OPTIONS /verify/user/kolagrey@gmail.com HTTP/1.1" 204 0 "-" "Mozilla/5.0 (iPhone; CPU iPhone OS 11_0 like Mac OS X) AppleWebKit/604.1.38 (KHTML, like Gecko) Version/11.0 Mobile/15A372 Safari/604.1"
::1 - - [08/Jan/2019:17:47:51 +0000] "GET /verify/user/kolagrey@gmail.com HTTP/1.1" 304 - "http://localhost:2200/register" "Mozilla/5.0 (iPhone; CPU iPhone OS 11_0 like Mac OS X) AppleWebKit/604.1.38 (KHTML, like Gecko) Version/11.0 Mobile/15A372 Safari/604.1"
::1 - - [08/Jan/2019:17:47:51 +0000] "OPTIONS /register/user HTTP/1.1" 204 0 "-" "Mozilla/5.0 (iPhone; CPU iPhone OS 11_0 like Mac OS X) AppleWebKit/604.1.38 (KHTML, like Gecko) Version/11.0 Mobile/15A372 Safari/604.1"
::1 - - [08/Jan/2019:17:50:18 +0000] "OPTIONS /access/init HTTP/1.1" 204 0 "-" "Mozilla/5.0 (iPhone; CPU iPhone OS 11_0 like Mac OS X) AppleWebKit/604.1.38 (KHTML, like Gecko) Version/11.0 Mobile/15A372 Safari/604.1"
::1 - - [08/Jan/2019:17:50:18 +0000] "POST /access/init HTTP/1.1" 200 132 "http://localhost:2200/register" "Mozilla/5.0 (iPhone; CPU iPhone OS 11_0 like Mac OS X) AppleWebKit/604.1.38 (KHTML, like Gecko) Version/11.0 Mobile/15A372 Safari/604.1"
::1 - - [08/Jan/2019:17:50:18 +0000] "OPTIONS /verify/user/kolagrey@gmail.com HTTP/1.1" 204 0 "-" "Mozilla/5.0 (iPhone; CPU iPhone OS 11_0 like Mac OS X) AppleWebKit/604.1.38 (KHTML, like Gecko) Version/11.0 Mobile/15A372 Safari/604.1"
::1 - - [08/Jan/2019:17:50:18 +0000] "GET /verify/user/kolagrey@gmail.com HTTP/1.1" 304 - "http://localhost:2200/register" "Mozilla/5.0 (iPhone; CPU iPhone OS 11_0 like Mac OS X) AppleWebKit/604.1.38 (KHTML, like Gecko) Version/11.0 Mobile/15A372 Safari/604.1"
::1 - - [08/Jan/2019:17:50:18 +0000] "OPTIONS /register/user HTTP/1.1" 204 0 "-" "Mozilla/5.0 (iPhone; CPU iPhone OS 11_0 like Mac OS X) AppleWebKit/604.1.38 (KHTML, like Gecko) Version/11.0 Mobile/15A372 Safari/604.1"
::1 - - [08/Jan/2019:17:54:20 +0000] "OPTIONS /access/init HTTP/1.1" 204 0 "-" "Mozilla/5.0 (iPhone; CPU iPhone OS 11_0 like Mac OS X) AppleWebKit/604.1.38 (KHTML, like Gecko) Version/11.0 Mobile/15A372 Safari/604.1"
::1 - - [08/Jan/2019:17:54:20 +0000] "POST /access/init HTTP/1.1" 200 132 "http://localhost:2200/register" "Mozilla/5.0 (iPhone; CPU iPhone OS 11_0 like Mac OS X) AppleWebKit/604.1.38 (KHTML, like Gecko) Version/11.0 Mobile/15A372 Safari/604.1"
::1 - - [08/Jan/2019:17:54:20 +0000] "OPTIONS /verify/user/kolagrey@gmail.com HTTP/1.1" 204 0 "-" "Mozilla/5.0 (iPhone; CPU iPhone OS 11_0 like Mac OS X) AppleWebKit/604.1.38 (KHTML, like Gecko) Version/11.0 Mobile/15A372 Safari/604.1"
::1 - - [08/Jan/2019:17:54:20 +0000] "GET /verify/user/kolagrey@gmail.com HTTP/1.1" 304 - "http://localhost:2200/register" "Mozilla/5.0 (iPhone; CPU iPhone OS 11_0 like Mac OS X) AppleWebKit/604.1.38 (KHTML, like Gecko) Version/11.0 Mobile/15A372 Safari/604.1"
::1 - - [08/Jan/2019:17:54:20 +0000] "OPTIONS /register/user HTTP/1.1" 204 0 "-" "Mozilla/5.0 (iPhone; CPU iPhone OS 11_0 like Mac OS X) AppleWebKit/604.1.38 (KHTML, like Gecko) Version/11.0 Mobile/15A372 Safari/604.1"
::1 - - [08/Jan/2019:17:54:32 +0000] "OPTIONS /access/init HTTP/1.1" 204 0 "-" "Mozilla/5.0 (iPhone; CPU iPhone OS 11_0 like Mac OS X) AppleWebKit/604.1.38 (KHTML, like Gecko) Version/11.0 Mobile/15A372 Safari/604.1"
::1 - - [08/Jan/2019:17:54:32 +0000] "POST /access/init HTTP/1.1" 200 132 "http://localhost:2200/register" "Mozilla/5.0 (iPhone; CPU iPhone OS 11_0 like Mac OS X) AppleWebKit/604.1.38 (KHTML, like Gecko) Version/11.0 Mobile/15A372 Safari/604.1"
::1 - - [08/Jan/2019:17:54:32 +0000] "OPTIONS /verify/user/kolagrey@gmail.com HTTP/1.1" 204 0 "-" "Mozilla/5.0 (iPhone; CPU iPhone OS 11_0 like Mac OS X) AppleWebKit/604.1.38 (KHTML, like Gecko) Version/11.0 Mobile/15A372 Safari/604.1"
::1 - - [08/Jan/2019:17:54:32 +0000] "GET /verify/user/kolagrey@gmail.com HTTP/1.1" 304 - "http://localhost:2200/register" "Mozilla/5.0 (iPhone; CPU iPhone OS 11_0 like Mac OS X) AppleWebKit/604.1.38 (KHTML, like Gecko) Version/11.0 Mobile/15A372 Safari/604.1"
::1 - - [08/Jan/2019:17:54:32 +0000] "OPTIONS /register/user HTTP/1.1" 204 0 "-" "Mozilla/5.0 (iPhone; CPU iPhone OS 11_0 like Mac OS X) AppleWebKit/604.1.38 (KHTML, like Gecko) Version/11.0 Mobile/15A372 Safari/604.1"
::1 - - [08/Jan/2019:18:11:30 +0000] "OPTIONS /access/init HTTP/1.1" 204 0 "-" "Mozilla/5.0 (iPhone; CPU iPhone OS 11_0 like Mac OS X) AppleWebKit/604.1.38 (KHTML, like Gecko) Version/11.0 Mobile/15A372 Safari/604.1"
::1 - - [08/Jan/2019:18:11:30 +0000] "POST /access/init HTTP/1.1" 200 132 "http://localhost:2200/register" "Mozilla/5.0 (iPhone; CPU iPhone OS 11_0 like Mac OS X) AppleWebKit/604.1.38 (KHTML, like Gecko) Version/11.0 Mobile/15A372 Safari/604.1"
::1 - - [08/Jan/2019:18:11:30 +0000] "OPTIONS /verify/user/kolagrey@gmail.com HTTP/1.1" 204 0 "-" "Mozilla/5.0 (iPhone; CPU iPhone OS 11_0 like Mac OS X) AppleWebKit/604.1.38 (KHTML, like Gecko) Version/11.0 Mobile/15A372 Safari/604.1"
::1 - - [08/Jan/2019:18:11:30 +0000] "GET /verify/user/kolagrey@gmail.com HTTP/1.1" 304 - "http://localhost:2200/register" "Mozilla/5.0 (iPhone; CPU iPhone OS 11_0 like Mac OS X) AppleWebKit/604.1.38 (KHTML, like Gecko) Version/11.0 Mobile/15A372 Safari/604.1"
::1 - - [08/Jan/2019:18:14:01 +0000] "OPTIONS /access/init HTTP/1.1" 204 0 "-" "Mozilla/5.0 (iPhone; CPU iPhone OS 11_0 like Mac OS X) AppleWebKit/604.1.38 (KHTML, like Gecko) Version/11.0 Mobile/15A372 Safari/604.1"
::1 - - [08/Jan/2019:18:14:01 +0000] "POST /access/init HTTP/1.1" 200 132 "http://localhost:2200/register" "Mozilla/5.0 (iPhone; CPU iPhone OS 11_0 like Mac OS X) AppleWebKit/604.1.38 (KHTML, like Gecko) Version/11.0 Mobile/15A372 Safari/604.1"
::1 - - [08/Jan/2019:18:14:02 +0000] "OPTIONS /verify/user/kolagrey@gmail.com HTTP/1.1" 204 0 "-" "Mozilla/5.0 (iPhone; CPU iPhone OS 11_0 like Mac OS X) AppleWebKit/604.1.38 (KHTML, like Gecko) Version/11.0 Mobile/15A372 Safari/604.1"
::1 - - [08/Jan/2019:18:14:02 +0000] "GET /verify/user/kolagrey@gmail.com HTTP/1.1" 304 - "http://localhost:2200/register" "Mozilla/5.0 (iPhone; CPU iPhone OS 11_0 like Mac OS X) AppleWebKit/604.1.38 (KHTML, like Gecko) Version/11.0 Mobile/15A372 Safari/604.1"
::1 - - [08/Jan/2019:18:18:18 +0000] "OPTIONS /access/init HTTP/1.1" 204 0 "-" "Mozilla/5.0 (iPhone; CPU iPhone OS 11_0 like Mac OS X) AppleWebKit/604.1.38 (KHTML, like Gecko) Version/11.0 Mobile/15A372 Safari/604.1"
::1 - - [08/Jan/2019:18:18:18 +0000] "POST /access/init HTTP/1.1" 200 132 "http://localhost:2200/register" "Mozilla/5.0 (iPhone; CPU iPhone OS 11_0 like Mac OS X) AppleWebKit/604.1.38 (KHTML, like Gecko) Version/11.0 Mobile/15A372 Safari/604.1"
::1 - - [08/Jan/2019:18:18:18 +0000] "OPTIONS /verify/user/kolagrey@gmail.com HTTP/1.1" 204 0 "-" "Mozilla/5.0 (iPhone; CPU iPhone OS 11_0 like Mac OS X) AppleWebKit/604.1.38 (KHTML, like Gecko) Version/11.0 Mobile/15A372 Safari/604.1"
::1 - - [08/Jan/2019:18:18:18 +0000] "GET /verify/user/kolagrey@gmail.com HTTP/1.1" 304 - "http://localhost:2200/register" "Mozilla/5.0 (iPhone; CPU iPhone OS 11_0 like Mac OS X) AppleWebKit/604.1.38 (KHTML, like Gecko) Version/11.0 Mobile/15A372 Safari/604.1"
::1 - - [08/Jan/2019:18:18:43 +0000] "OPTIONS /access/init HTTP/1.1" 204 0 "-" "Mozilla/5.0 (iPhone; CPU iPhone OS 11_0 like Mac OS X) AppleWebKit/604.1.38 (KHTML, like Gecko) Version/11.0 Mobile/15A372 Safari/604.1"
::1 - - [08/Jan/2019:18:18:43 +0000] "POST /access/init HTTP/1.1" 200 132 "http://localhost:2200/register" "Mozilla/5.0 (iPhone; CPU iPhone OS 11_0 like Mac OS X) AppleWebKit/604.1.38 (KHTML, like Gecko) Version/11.0 Mobile/15A372 Safari/604.1"
::1 - - [08/Jan/2019:18:18:43 +0000] "OPTIONS /verify/user/kolagrey@gmail.com HTTP/1.1" 204 0 "-" "Mozilla/5.0 (iPhone; CPU iPhone OS 11_0 like Mac OS X) AppleWebKit/604.1.38 (KHTML, like Gecko) Version/11.0 Mobile/15A372 Safari/604.1"
::1 - - [08/Jan/2019:18:18:43 +0000] "GET /verify/user/kolagrey@gmail.com HTTP/1.1" 304 - "http://localhost:2200/register" "Mozilla/5.0 (iPhone; CPU iPhone OS 11_0 like Mac OS X) AppleWebKit/604.1.38 (KHTML, like Gecko) Version/11.0 Mobile/15A372 Safari/604.1"
::1 - - [08/Jan/2019:18:19:06 +0000] "OPTIONS /access/init HTTP/1.1" 204 0 "-" "Mozilla/5.0 (iPhone; CPU iPhone OS 11_0 like Mac OS X) AppleWebKit/604.1.38 (KHTML, like Gecko) Version/11.0 Mobile/15A372 Safari/604.1"
::1 - - [08/Jan/2019:18:19:06 +0000] "POST /access/init HTTP/1.1" 200 132 "http://localhost:2200/register" "Mozilla/5.0 (iPhone; CPU iPhone OS 11_0 like Mac OS X) AppleWebKit/604.1.38 (KHTML, like Gecko) Version/11.0 Mobile/15A372 Safari/604.1"
::1 - - [08/Jan/2019:18:19:06 +0000] "OPTIONS /verify/user/kolagrey@gmail.com HTTP/1.1" 204 0 "-" "Mozilla/5.0 (iPhone; CPU iPhone OS 11_0 like Mac OS X) AppleWebKit/604.1.38 (KHTML, like Gecko) Version/11.0 Mobile/15A372 Safari/604.1"
::1 - - [08/Jan/2019:18:19:06 +0000] "GET /verify/user/kolagrey@gmail.com HTTP/1.1" 304 - "http://localhost:2200/register" "Mozilla/5.0 (iPhone; CPU iPhone OS 11_0 like Mac OS X) AppleWebKit/604.1.38 (KHTML, like Gecko) Version/11.0 Mobile/15A372 Safari/604.1"
::1 - - [08/Jan/2019:18:19:49 +0000] "OPTIONS /access/init HTTP/1.1" 204 0 "-" "Mozilla/5.0 (iPhone; CPU iPhone OS 11_0 like Mac OS X) AppleWebKit/604.1.38 (KHTML, like Gecko) Version/11.0 Mobile/15A372 Safari/604.1"
::1 - - [08/Jan/2019:18:19:49 +0000] "POST /access/init HTTP/1.1" 200 132 "http://localhost:2200/register" "Mozilla/5.0 (iPhone; CPU iPhone OS 11_0 like Mac OS X) AppleWebKit/604.1.38 (KHTML, like Gecko) Version/11.0 Mobile/15A372 Safari/604.1"
::1 - - [08/Jan/2019:18:19:49 +0000] "OPTIONS /verify/user/kolagrey@gmail.com HTTP/1.1" 204 0 "-" "Mozilla/5.0 (iPhone; CPU iPhone OS 11_0 like Mac OS X) AppleWebKit/604.1.38 (KHTML, like Gecko) Version/11.0 Mobile/15A372 Safari/604.1"
::1 - - [08/Jan/2019:18:19:49 +0000] "GET /verify/user/kolagrey@gmail.com HTTP/1.1" 304 - "http://localhost:2200/register" "Mozilla/5.0 (iPhone; CPU iPhone OS 11_0 like Mac OS X) AppleWebKit/604.1.38 (KHTML, like Gecko) Version/11.0 Mobile/15A372 Safari/604.1"
::1 - - [08/Jan/2019:18:21:16 +0000] "OPTIONS /access/init HTTP/1.1" 204 0 "-" "Mozilla/5.0 (iPhone; CPU iPhone OS 11_0 like Mac OS X) AppleWebKit/604.1.38 (KHTML, like Gecko) Version/11.0 Mobile/15A372 Safari/604.1"
::1 - - [08/Jan/2019:18:21:16 +0000] "POST /access/init HTTP/1.1" 200 132 "http://localhost:2200/register" "Mozilla/5.0 (iPhone; CPU iPhone OS 11_0 like Mac OS X) AppleWebKit/604.1.38 (KHTML, like Gecko) Version/11.0 Mobile/15A372 Safari/604.1"
::1 - - [08/Jan/2019:18:21:17 +0000] "OPTIONS /verify/user/kolagrey@gmail.com HTTP/1.1" 204 0 "-" "Mozilla/5.0 (iPhone; CPU iPhone OS 11_0 like Mac OS X) AppleWebKit/604.1.38 (KHTML, like Gecko) Version/11.0 Mobile/15A372 Safari/604.1"
::1 - - [08/Jan/2019:18:21:17 +0000] "GET /verify/user/kolagrey@gmail.com HTTP/1.1" 304 - "http://localhost:2200/register" "Mozilla/5.0 (iPhone; CPU iPhone OS 11_0 like Mac OS X) AppleWebKit/604.1.38 (KHTML, like Gecko) Version/11.0 Mobile/15A372 Safari/604.1"
::1 - - [08/Jan/2019:18:25:59 +0000] "OPTIONS /access/init HTTP/1.1" 204 0 "-" "Mozilla/5.0 (iPhone; CPU iPhone OS 11_0 like Mac OS X) AppleWebKit/604.1.38 (KHTML, like Gecko) Version/11.0 Mobile/15A372 Safari/604.1"
::1 - - [08/Jan/2019:18:26:00 +0000] "POST /access/init HTTP/1.1" 200 132 "http://localhost:2200/register" "Mozilla/5.0 (iPhone; CPU iPhone OS 11_0 like Mac OS X) AppleWebKit/604.1.38 (KHTML, like Gecko) Version/11.0 Mobile/15A372 Safari/604.1"
::1 - - [08/Jan/2019:18:26:00 +0000] "OPTIONS /verify/user/kolagrey@gmail.com HTTP/1.1" 204 0 "-" "Mozilla/5.0 (iPhone; CPU iPhone OS 11_0 like Mac OS X) AppleWebKit/604.1.38 (KHTML, like Gecko) Version/11.0 Mobile/15A372 Safari/604.1"
::1 - - [08/Jan/2019:18:26:00 +0000] "GET /verify/user/kolagrey@gmail.com HTTP/1.1" 304 - "http://localhost:2200/register" "Mozilla/5.0 (iPhone; CPU iPhone OS 11_0 like Mac OS X) AppleWebKit/604.1.38 (KHTML, like Gecko) Version/11.0 Mobile/15A372 Safari/604.1"
::1 - - [08/Jan/2019:18:29:59 +0000] "OPTIONS /access/init HTTP/1.1" 204 0 "-" "Mozilla/5.0 (iPhone; CPU iPhone OS 11_0 like Mac OS X) AppleWebKit/604.1.38 (KHTML, like Gecko) Version/11.0 Mobile/15A372 Safari/604.1"
::1 - - [08/Jan/2019:18:29:59 +0000] "POST /access/init HTTP/1.1" 200 132 "http://localhost:2200/register" "Mozilla/5.0 (iPhone; CPU iPhone OS 11_0 like Mac OS X) AppleWebKit/604.1.38 (KHTML, like Gecko) Version/11.0 Mobile/15A372 Safari/604.1"
::1 - - [08/Jan/2019:18:29:59 +0000] "OPTIONS /verify/user/kolagrey@gmail.com HTTP/1.1" 204 0 "-" "Mozilla/5.0 (iPhone; CPU iPhone OS 11_0 like Mac OS X) AppleWebKit/604.1.38 (KHTML, like Gecko) Version/11.0 Mobile/15A372 Safari/604.1"
::1 - - [08/Jan/2019:18:29:59 +0000] "GET /verify/user/kolagrey@gmail.com HTTP/1.1" 304 - "http://localhost:2200/register" "Mozilla/5.0 (iPhone; CPU iPhone OS 11_0 like Mac OS X) AppleWebKit/604.1.38 (KHTML, like Gecko) Version/11.0 Mobile/15A372 Safari/604.1"
::1 - - [08/Jan/2019:18:32:23 +0000] "OPTIONS /access/init HTTP/1.1" 204 0 "-" "Mozilla/5.0 (iPhone; CPU iPhone OS 11_0 like Mac OS X) AppleWebKit/604.1.38 (KHTML, like Gecko) Version/11.0 Mobile/15A372 Safari/604.1"
::1 - - [08/Jan/2019:18:32:23 +0000] "POST /access/init HTTP/1.1" 200 132 "http://localhost:2200/register" "Mozilla/5.0 (iPhone; CPU iPhone OS 11_0 like Mac OS X) AppleWebKit/604.1.38 (KHTML, like Gecko) Version/11.0 Mobile/15A372 Safari/604.1"
::1 - - [08/Jan/2019:18:32:23 +0000] "OPTIONS /verify/user/kolagrey@gmail.com HTTP/1.1" 204 0 "-" "Mozilla/5.0 (iPhone; CPU iPhone OS 11_0 like Mac OS X) AppleWebKit/604.1.38 (KHTML, like Gecko) Version/11.0 Mobile/15A372 Safari/604.1"
::1 - - [08/Jan/2019:18:32:23 +0000] "GET /verify/user/kolagrey@gmail.com HTTP/1.1" 304 - "http://localhost:2200/register" "Mozilla/5.0 (iPhone; CPU iPhone OS 11_0 like Mac OS X) AppleWebKit/604.1.38 (KHTML, like Gecko) Version/11.0 Mobile/15A372 Safari/604.1"
::1 - - [08/Jan/2019:18:38:26 +0000] "OPTIONS /access/init HTTP/1.1" 204 0 "-" "Mozilla/5.0 (iPhone; CPU iPhone OS 11_0 like Mac OS X) AppleWebKit/604.1.38 (KHTML, like Gecko) Version/11.0 Mobile/15A372 Safari/604.1"
::1 - - [08/Jan/2019:18:38:26 +0000] "POST /access/init HTTP/1.1" 200 132 "http://localhost:2200/register" "Mozilla/5.0 (iPhone; CPU iPhone OS 11_0 like Mac OS X) AppleWebKit/604.1.38 (KHTML, like Gecko) Version/11.0 Mobile/15A372 Safari/604.1"
::1 - - [08/Jan/2019:18:38:27 +0000] "OPTIONS /verify/user/kolagrey@gmail.com HTTP/1.1" 204 0 "-" "Mozilla/5.0 (iPhone; CPU iPhone OS 11_0 like Mac OS X) AppleWebKit/604.1.38 (KHTML, like Gecko) Version/11.0 Mobile/15A372 Safari/604.1"
::1 - - [08/Jan/2019:18:38:27 +0000] "GET /verify/user/kolagrey@gmail.com HTTP/1.1" 304 - "http://localhost:2200/register" "Mozilla/5.0 (iPhone; CPU iPhone OS 11_0 like Mac OS X) AppleWebKit/604.1.38 (KHTML, like Gecko) Version/11.0 Mobile/15A372 Safari/604.1"
::1 - - [08/Jan/2019:18:40:05 +0000] "OPTIONS /access/init HTTP/1.1" 204 0 "-" "Mozilla/5.0 (iPhone; CPU iPhone OS 11_0 like Mac OS X) AppleWebKit/604.1.38 (KHTML, like Gecko) Version/11.0 Mobile/15A372 Safari/604.1"
::1 - - [08/Jan/2019:18:40:05 +0000] "POST /access/init HTTP/1.1" 200 132 "http://localhost:2200/register" "Mozilla/5.0 (iPhone; CPU iPhone OS 11_0 like Mac OS X) AppleWebKit/604.1.38 (KHTML, like Gecko) Version/11.0 Mobile/15A372 Safari/604.1"
::1 - - [08/Jan/2019:18:40:05 +0000] "OPTIONS /verify/user/kolagrey@gmail.com HTTP/1.1" 204 0 "-" "Mozilla/5.0 (iPhone; CPU iPhone OS 11_0 like Mac OS X) AppleWebKit/604.1.38 (KHTML, like Gecko) Version/11.0 Mobile/15A372 Safari/604.1"
::1 - - [08/Jan/2019:18:40:05 +0000] "GET /verify/user/kolagrey@gmail.com HTTP/1.1" 304 - "http://localhost:2200/register" "Mozilla/5.0 (iPhone; CPU iPhone OS 11_0 like Mac OS X) AppleWebKit/604.1.38 (KHTML, like Gecko) Version/11.0 Mobile/15A372 Safari/604.1"
::1 - - [08/Jan/2019:18:41:31 +0000] "OPTIONS /access/init HTTP/1.1" 204 0 "-" "Mozilla/5.0 (iPhone; CPU iPhone OS 11_0 like Mac OS X) AppleWebKit/604.1.38 (KHTML, like Gecko) Version/11.0 Mobile/15A372 Safari/604.1"
::1 - - [08/Jan/2019:18:41:31 +0000] "POST /access/init HTTP/1.1" 200 132 "http://localhost:2200/register" "Mozilla/5.0 (iPhone; CPU iPhone OS 11_0 like Mac OS X) AppleWebKit/604.1.38 (KHTML, like Gecko) Version/11.0 Mobile/15A372 Safari/604.1"
::1 - - [08/Jan/2019:18:41:31 +0000] "OPTIONS /verify/user/kolagrey@gmail.com HTTP/1.1" 204 0 "-" "Mozilla/5.0 (iPhone; CPU iPhone OS 11_0 like Mac OS X) AppleWebKit/604.1.38 (KHTML, like Gecko) Version/11.0 Mobile/15A372 Safari/604.1"
::1 - - [08/Jan/2019:18:41:32 +0000] "GET /verify/user/kolagrey@gmail.com HTTP/1.1" 200 79 "http://localhost:2200/register" "Mozilla/5.0 (iPhone; CPU iPhone OS 11_0 like Mac OS X) AppleWebKit/604.1.38 (KHTML, like Gecko) Version/11.0 Mobile/15A372 Safari/604.1"
::1 - - [08/Jan/2019:18:41:32 +0000] "OPTIONS /register/user HTTP/1.1" 204 0 "-" "Mozilla/5.0 (iPhone; CPU iPhone OS 11_0 like Mac OS X) AppleWebKit/604.1.38 (KHTML, like Gecko) Version/11.0 Mobile/15A372 Safari/604.1"
::1 - - [08/Jan/2019:18:41:44 +0000] "OPTIONS /access/init HTTP/1.1" 204 0 "-" "Mozilla/5.0 (iPhone; CPU iPhone OS 11_0 like Mac OS X) AppleWebKit/604.1.38 (KHTML, like Gecko) Version/11.0 Mobile/15A372 Safari/604.1"
::1 - - [08/Jan/2019:18:41:44 +0000] "POST /access/init HTTP/1.1" 200 132 "http://localhost:2200/register" "Mozilla/5.0 (iPhone; CPU iPhone OS 11_0 like Mac OS X) AppleWebKit/604.1.38 (KHTML, like Gecko) Version/11.0 Mobile/15A372 Safari/604.1"
::1 - - [08/Jan/2019:18:41:44 +0000] "OPTIONS /verify/user/kolagrey@gmail.com HTTP/1.1" 204 0 "-" "Mozilla/5.0 (iPhone; CPU iPhone OS 11_0 like Mac OS X) AppleWebKit/604.1.38 (KHTML, like Gecko) Version/11.0 Mobile/15A372 Safari/604.1"
::1 - - [08/Jan/2019:18:41:44 +0000] "GET /verify/user/kolagrey@gmail.com HTTP/1.1" 200 79 "http://localhost:2200/register" "Mozilla/5.0 (iPhone; CPU iPhone OS 11_0 like Mac OS X) AppleWebKit/604.1.38 (KHTML, like Gecko) Version/11.0 Mobile/15A372 Safari/604.1"
::1 - - [08/Jan/2019:18:41:45 +0000] "OPTIONS /register/user HTTP/1.1" 204 0 "-" "Mozilla/5.0 (iPhone; CPU iPhone OS 11_0 like Mac OS X) AppleWebKit/604.1.38 (KHTML, like Gecko) Version/11.0 Mobile/15A372 Safari/604.1"
::1 - - [08/Jan/2019:18:43:07 +0000] "OPTIONS /access/init HTTP/1.1" 204 0 "-" "Mozilla/5.0 (iPhone; CPU iPhone OS 11_0 like Mac OS X) AppleWebKit/604.1.38 (KHTML, like Gecko) Version/11.0 Mobile/15A372 Safari/604.1"
::1 - - [08/Jan/2019:18:43:07 +0000] "POST /access/init HTTP/1.1" 200 132 "http://localhost:2200/register" "Mozilla/5.0 (iPhone; CPU iPhone OS 11_0 like Mac OS X) AppleWebKit/604.1.38 (KHTML, like Gecko) Version/11.0 Mobile/15A372 Safari/604.1"
::1 - - [08/Jan/2019:18:43:07 +0000] "OPTIONS /verify/user/kolagrey@gmail.com HTTP/1.1" 204 0 "-" "Mozilla/5.0 (iPhone; CPU iPhone OS 11_0 like Mac OS X) AppleWebKit/604.1.38 (KHTML, like Gecko) Version/11.0 Mobile/15A372 Safari/604.1"
::1 - - [08/Jan/2019:18:43:07 +0000] "GET /verify/user/kolagrey@gmail.com HTTP/1.1" 200 79 "http://localhost:2200/register" "Mozilla/5.0 (iPhone; CPU iPhone OS 11_0 like Mac OS X) AppleWebKit/604.1.38 (KHTML, like Gecko) Version/11.0 Mobile/15A372 Safari/604.1"
::1 - - [08/Jan/2019:18:43:07 +0000] "OPTIONS /register/user HTTP/1.1" 204 0 "-" "Mozilla/5.0 (iPhone; CPU iPhone OS 11_0 like Mac OS X) AppleWebKit/604.1.38 (KHTML, like Gecko) Version/11.0 Mobile/15A372 Safari/604.1"
::1 - - [08/Jan/2019:18:44:42 +0000] "OPTIONS /access/init HTTP/1.1" 204 0 "-" "Mozilla/5.0 (iPhone; CPU iPhone OS 11_0 like Mac OS X) AppleWebKit/604.1.38 (KHTML, like Gecko) Version/11.0 Mobile/15A372 Safari/604.1"
::1 - - [08/Jan/2019:18:44:43 +0000] "POST /access/init HTTP/1.1" 200 132 "http://localhost:2200/register" "Mozilla/5.0 (iPhone; CPU iPhone OS 11_0 like Mac OS X) AppleWebKit/604.1.38 (KHTML, like Gecko) Version/11.0 Mobile/15A372 Safari/604.1"
::1 - - [08/Jan/2019:18:44:43 +0000] "OPTIONS /verify/user/kolagrey@gmail.com HTTP/1.1" 204 0 "-" "Mozilla/5.0 (iPhone; CPU iPhone OS 11_0 like Mac OS X) AppleWebKit/604.1.38 (KHTML, like Gecko) Version/11.0 Mobile/15A372 Safari/604.1"
::1 - - [08/Jan/2019:18:44:43 +0000] "GET /verify/user/kolagrey@gmail.com HTTP/1.1" 200 79 "http://localhost:2200/register" "Mozilla/5.0 (iPhone; CPU iPhone OS 11_0 like Mac OS X) AppleWebKit/604.1.38 (KHTML, like Gecko) Version/11.0 Mobile/15A372 Safari/604.1"
::1 - - [08/Jan/2019:18:44:43 +0000] "OPTIONS /register/user HTTP/1.1" 204 0 "-" "Mozilla/5.0 (iPhone; CPU iPhone OS 11_0 like Mac OS X) AppleWebKit/604.1.38 (KHTML, like Gecko) Version/11.0 Mobile/15A372 Safari/604.1"
::1 - - [08/Jan/2019:18:44:43 +0000] "POST /register/user HTTP/1.1" 200 82 "http://localhost:2200/register" "Mozilla/5.0 (iPhone; CPU iPhone OS 11_0 like Mac OS X) AppleWebKit/604.1.38 (KHTML, like Gecko) Version/11.0 Mobile/15A372 Safari/604.1"
::1 - - [08/Jan/2019:18:52:29 +0000] "OPTIONS /access/init HTTP/1.1" 204 0 "-" "Mozilla/5.0 (iPhone; CPU iPhone OS 11_0 like Mac OS X) AppleWebKit/604.1.38 (KHTML, like Gecko) Version/11.0 Mobile/15A372 Safari/604.1"
::1 - - [08/Jan/2019:18:52:29 +0000] "POST /access/init HTTP/1.1" 200 132 "http://localhost:2200/register" "Mozilla/5.0 (iPhone; CPU iPhone OS 11_0 like Mac OS X) AppleWebKit/604.1.38 (KHTML, like Gecko) Version/11.0 Mobile/15A372 Safari/604.1"
::1 - - [08/Jan/2019:18:52:29 +0000] "OPTIONS /verify/user HTTP/1.1" 204 0 "-" "Mozilla/5.0 (iPhone; CPU iPhone OS 11_0 like Mac OS X) AppleWebKit/604.1.38 (KHTML, like Gecko) Version/11.0 Mobile/15A372 Safari/604.1"
::1 - - [08/Jan/2019:18:52:30 +0000] "GET /verify/user HTTP/1.1" 404 150 "http://localhost:2200/register" "Mozilla/5.0 (iPhone; CPU iPhone OS 11_0 like Mac OS X) AppleWebKit/604.1.38 (KHTML, like Gecko) Version/11.0 Mobile/15A372 Safari/604.1"
::1 - - [08/Jan/2019:18:54:47 +0000] "OPTIONS /access/init HTTP/1.1" 204 0 "-" "Mozilla/5.0 (iPhone; CPU iPhone OS 11_0 like Mac OS X) AppleWebKit/604.1.38 (KHTML, like Gecko) Version/11.0 Mobile/15A372 Safari/604.1"
::1 - - [08/Jan/2019:18:54:47 +0000] "POST /access/init HTTP/1.1" 200 132 "http://localhost:2200/register" "Mozilla/5.0 (iPhone; CPU iPhone OS 11_0 like Mac OS X) AppleWebKit/604.1.38 (KHTML, like Gecko) Version/11.0 Mobile/15A372 Safari/604.1"
::1 - - [08/Jan/2019:18:54:47 +0000] "OPTIONS /verify/user HTTP/1.1" 204 0 "-" "Mozilla/5.0 (iPhone; CPU iPhone OS 11_0 like Mac OS X) AppleWebKit/604.1.38 (KHTML, like Gecko) Version/11.0 Mobile/15A372 Safari/604.1"
::1 - - [08/Jan/2019:18:54:47 +0000] "GET /verify/user HTTP/1.1" 404 150 "http://localhost:2200/register" "Mozilla/5.0 (iPhone; CPU iPhone OS 11_0 like Mac OS X) AppleWebKit/604.1.38 (KHTML, like Gecko) Version/11.0 Mobile/15A372 Safari/604.1"
::1 - - [08/Jan/2019:18:56:25 +0000] "OPTIONS /access/init HTTP/1.1" 204 0 "-" "Mozilla/5.0 (iPhone; CPU iPhone OS 11_0 like Mac OS X) AppleWebKit/604.1.38 (KHTML, like Gecko) Version/11.0 Mobile/15A372 Safari/604.1"
::1 - - [08/Jan/2019:18:56:25 +0000] "POST /access/init HTTP/1.1" 200 132 "http://localhost:2200/register" "Mozilla/5.0 (iPhone; CPU iPhone OS 11_0 like Mac OS X) AppleWebKit/604.1.38 (KHTML, like Gecko) Version/11.0 Mobile/15A372 Safari/604.1"
::1 - - [08/Jan/2019:18:56:25 +0000] "OPTIONS /verify/user HTTP/1.1" 204 0 "-" "Mozilla/5.0 (iPhone; CPU iPhone OS 11_0 like Mac OS X) AppleWebKit/604.1.38 (KHTML, like Gecko) Version/11.0 Mobile/15A372 Safari/604.1"
::1 - - [08/Jan/2019:18:56:25 +0000] "POST /verify/user HTTP/1.1" 401 58 "http://localhost:2200/register" "Mozilla/5.0 (iPhone; CPU iPhone OS 11_0 like Mac OS X) AppleWebKit/604.1.38 (KHTML, like Gecko) Version/11.0 Mobile/15A372 Safari/604.1"
::1 - - [08/Jan/2019:18:56:31 +0000] "OPTIONS /access/init HTTP/1.1" 204 0 "-" "Mozilla/5.0 (iPhone; CPU iPhone OS 11_0 like Mac OS X) AppleWebKit/604.1.38 (KHTML, like Gecko) Version/11.0 Mobile/15A372 Safari/604.1"
::1 - - [08/Jan/2019:18:56:31 +0000] "POST /access/init HTTP/1.1" 200 132 "http://localhost:2200/register" "Mozilla/5.0 (iPhone; CPU iPhone OS 11_0 like Mac OS X) AppleWebKit/604.1.38 (KHTML, like Gecko) Version/11.0 Mobile/15A372 Safari/604.1"
::1 - - [08/Jan/2019:18:56:31 +0000] "OPTIONS /verify/user HTTP/1.1" 204 0 "-" "Mozilla/5.0 (iPhone; CPU iPhone OS 11_0 like Mac OS X) AppleWebKit/604.1.38 (KHTML, like Gecko) Version/11.0 Mobile/15A372 Safari/604.1"
::1 - - [08/Jan/2019:18:56:31 +0000] "POST /verify/user HTTP/1.1" 401 58 "http://localhost:2200/register" "Mozilla/5.0 (iPhone; CPU iPhone OS 11_0 like Mac OS X) AppleWebKit/604.1.38 (KHTML, like Gecko) Version/11.0 Mobile/15A372 Safari/604.1"
::1 - - [08/Jan/2019:18:58:05 +0000] "OPTIONS /access/init HTTP/1.1" 204 0 "-" "Mozilla/5.0 (iPhone; CPU iPhone OS 11_0 like Mac OS X) AppleWebKit/604.1.38 (KHTML, like Gecko) Version/11.0 Mobile/15A372 Safari/604.1"
::1 - - [08/Jan/2019:18:58:05 +0000] "POST /access/init HTTP/1.1" 200 132 "http://localhost:2200/register" "Mozilla/5.0 (iPhone; CPU iPhone OS 11_0 like Mac OS X) AppleWebKit/604.1.38 (KHTML, like Gecko) Version/11.0 Mobile/15A372 Safari/604.1"
::1 - - [08/Jan/2019:18:58:05 +0000] "OPTIONS /verify/user HTTP/1.1" 204 0 "-" "Mozilla/5.0 (iPhone; CPU iPhone OS 11_0 like Mac OS X) AppleWebKit/604.1.38 (KHTML, like Gecko) Version/11.0 Mobile/15A372 Safari/604.1"
::1 - - [08/Jan/2019:18:58:05 +0000] "POST /verify/user HTTP/1.1" 401 58 "http://localhost:2200/register" "Mozilla/5.0 (iPhone; CPU iPhone OS 11_0 like Mac OS X) AppleWebKit/604.1.38 (KHTML, like Gecko) Version/11.0 Mobile/15A372 Safari/604.1"
::1 - - [08/Jan/2019:19:01:14 +0000] "OPTIONS /access/init HTTP/1.1" 204 0 "-" "Mozilla/5.0 (iPhone; CPU iPhone OS 11_0 like Mac OS X) AppleWebKit/604.1.38 (KHTML, like Gecko) Version/11.0 Mobile/15A372 Safari/604.1"
::1 - - [08/Jan/2019:19:01:15 +0000] "POST /access/init HTTP/1.1" 200 132 "http://localhost:2200/register" "Mozilla/5.0 (iPhone; CPU iPhone OS 11_0 like Mac OS X) AppleWebKit/604.1.38 (KHTML, like Gecko) Version/11.0 Mobile/15A372 Safari/604.1"
::1 - - [08/Jan/2019:19:01:15 +0000] "OPTIONS /verify/user HTTP/1.1" 204 0 "-" "Mozilla/5.0 (iPhone; CPU iPhone OS 11_0 like Mac OS X) AppleWebKit/604.1.38 (KHTML, like Gecko) Version/11.0 Mobile/15A372 Safari/604.1"
::1 - - [08/Jan/2019:19:01:15 +0000] "POST /verify/user HTTP/1.1" 401 58 "http://localhost:2200/register" "Mozilla/5.0 (iPhone; CPU iPhone OS 11_0 like Mac OS X) AppleWebKit/604.1.38 (KHTML, like Gecko) Version/11.0 Mobile/15A372 Safari/604.1"
::1 - - [08/Jan/2019:19:02:37 +0000] "OPTIONS /access/init HTTP/1.1" 204 0 "-" "Mozilla/5.0 (iPhone; CPU iPhone OS 11_0 like Mac OS X) AppleWebKit/604.1.38 (KHTML, like Gecko) Version/11.0 Mobile/15A372 Safari/604.1"
::1 - - [08/Jan/2019:19:02:37 +0000] "POST /access/init HTTP/1.1" 200 132 "http://localhost:2200/register" "Mozilla/5.0 (iPhone; CPU iPhone OS 11_0 like Mac OS X) AppleWebKit/604.1.38 (KHTML, like Gecko) Version/11.0 Mobile/15A372 Safari/604.1"
::1 - - [08/Jan/2019:19:02:37 +0000] "OPTIONS /verify/user HTTP/1.1" 204 0 "-" "Mozilla/5.0 (iPhone; CPU iPhone OS 11_0 like Mac OS X) AppleWebKit/604.1.38 (KHTML, like Gecko) Version/11.0 Mobile/15A372 Safari/604.1"
::1 - - [08/Jan/2019:19:02:37 +0000] "POST /verify/user HTTP/1.1" 401 58 "http://localhost:2200/register" "Mozilla/5.0 (iPhone; CPU iPhone OS 11_0 like Mac OS X) AppleWebKit/604.1.38 (KHTML, like Gecko) Version/11.0 Mobile/15A372 Safari/604.1"
::1 - - [08/Jan/2019:19:04:27 +0000] "OPTIONS /access/init HTTP/1.1" 204 0 "-" "Mozilla/5.0 (iPhone; CPU iPhone OS 11_0 like Mac OS X) AppleWebKit/604.1.38 (KHTML, like Gecko) Version/11.0 Mobile/15A372 Safari/604.1"
::1 - - [08/Jan/2019:19:04:27 +0000] "POST /access/init HTTP/1.1" 200 132 "http://localhost:2200/register" "Mozilla/5.0 (iPhone; CPU iPhone OS 11_0 like Mac OS X) AppleWebKit/604.1.38 (KHTML, like Gecko) Version/11.0 Mobile/15A372 Safari/604.1"
::1 - - [08/Jan/2019:19:04:27 +0000] "OPTIONS /verify/user HTTP/1.1" 204 0 "-" "Mozilla/5.0 (iPhone; CPU iPhone OS 11_0 like Mac OS X) AppleWebKit/604.1.38 (KHTML, like Gecko) Version/11.0 Mobile/15A372 Safari/604.1"
::1 - - [08/Jan/2019:19:04:27 +0000] "POST /verify/user HTTP/1.1" 401 58 "http://localhost:2200/register" "Mozilla/5.0 (iPhone; CPU iPhone OS 11_0 like Mac OS X) AppleWebKit/604.1.38 (KHTML, like Gecko) Version/11.0 Mobile/15A372 Safari/604.1"
::1 - - [08/Jan/2019:19:05:13 +0000] "OPTIONS /access/init HTTP/1.1" 204 0 "-" "Mozilla/5.0 (iPhone; CPU iPhone OS 11_0 like Mac OS X) AppleWebKit/604.1.38 (KHTML, like Gecko) Version/11.0 Mobile/15A372 Safari/604.1"
::1 - - [08/Jan/2019:19:05:13 +0000] "POST /access/init HTTP/1.1" 200 132 "http://localhost:2200/register" "Mozilla/5.0 (iPhone; CPU iPhone OS 11_0 like Mac OS X) AppleWebKit/604.1.38 (KHTML, like Gecko) Version/11.0 Mobile/15A372 Safari/604.1"
::1 - - [08/Jan/2019:19:05:13 +0000] "OPTIONS /verify/user HTTP/1.1" 204 0 "-" "Mozilla/5.0 (iPhone; CPU iPhone OS 11_0 like Mac OS X) AppleWebKit/604.1.38 (KHTML, like Gecko) Version/11.0 Mobile/15A372 Safari/604.1"
::1 - - [08/Jan/2019:19:05:13 +0000] "POST /verify/user HTTP/1.1" 401 58 "http://localhost:2200/register" "Mozilla/5.0 (iPhone; CPU iPhone OS 11_0 like Mac OS X) AppleWebKit/604.1.38 (KHTML, like Gecko) Version/11.0 Mobile/15A372 Safari/604.1"
::1 - - [08/Jan/2019:19:07:33 +0000] "OPTIONS /access/init HTTP/1.1" 204 0 "-" "Mozilla/5.0 (iPhone; CPU iPhone OS 11_0 like Mac OS X) AppleWebKit/604.1.38 (KHTML, like Gecko) Version/11.0 Mobile/15A372 Safari/604.1"
::1 - - [08/Jan/2019:19:07:33 +0000] "POST /access/init HTTP/1.1" 200 132 "http://localhost:2200/register" "Mozilla/5.0 (iPhone; CPU iPhone OS 11_0 like Mac OS X) AppleWebKit/604.1.38 (KHTML, like Gecko) Version/11.0 Mobile/15A372 Safari/604.1"
::1 - - [08/Jan/2019:19:07:33 +0000] "OPTIONS /verify/user HTTP/1.1" 204 0 "-" "Mozilla/5.0 (iPhone; CPU iPhone OS 11_0 like Mac OS X) AppleWebKit/604.1.38 (KHTML, like Gecko) Version/11.0 Mobile/15A372 Safari/604.1"
::1 - - [08/Jan/2019:19:07:33 +0000] "POST /verify/user HTTP/1.1" 401 58 "http://localhost:2200/register" "Mozilla/5.0 (iPhone; CPU iPhone OS 11_0 like Mac OS X) AppleWebKit/604.1.38 (KHTML, like Gecko) Version/11.0 Mobile/15A372 Safari/604.1"
::1 - - [08/Jan/2019:19:33:17 +0000] "OPTIONS /access/init HTTP/1.1" 204 0 "-" "Mozilla/5.0 (iPhone; CPU iPhone OS 11_0 like Mac OS X) AppleWebKit/604.1.38 (KHTML, like Gecko) Version/11.0 Mobile/15A372 Safari/604.1"
::1 - - [08/Jan/2019:19:33:17 +0000] "POST /access/init HTTP/1.1" 200 132 "http://localhost:2200/register" "Mozilla/5.0 (iPhone; CPU iPhone OS 11_0 like Mac OS X) AppleWebKit/604.1.38 (KHTML, like Gecko) Version/11.0 Mobile/15A372 Safari/604.1"
::1 - - [08/Jan/2019:19:33:17 +0000] "OPTIONS /verify/user HTTP/1.1" 204 0 "-" "Mozilla/5.0 (iPhone; CPU iPhone OS 11_0 like Mac OS X) AppleWebKit/604.1.38 (KHTML, like Gecko) Version/11.0 Mobile/15A372 Safari/604.1"
::1 - - [08/Jan/2019:19:33:17 +0000] "POST /verify/user HTTP/1.1" 401 58 "http://localhost:2200/register" "Mozilla/5.0 (iPhone; CPU iPhone OS 11_0 like Mac OS X) AppleWebKit/604.1.38 (KHTML, like Gecko) Version/11.0 Mobile/15A372 Safari/604.1"
::1 - - [08/Jan/2019:19:38:54 +0000] "OPTIONS /access/init HTTP/1.1" 204 0 "-" "Mozilla/5.0 (iPhone; CPU iPhone OS 11_0 like Mac OS X) AppleWebKit/604.1.38 (KHTML, like Gecko) Version/11.0 Mobile/15A372 Safari/604.1"
::1 - - [08/Jan/2019:19:38:54 +0000] "POST /access/init HTTP/1.1" 200 132 "http://localhost:2200/register" "Mozilla/5.0 (iPhone; CPU iPhone OS 11_0 like Mac OS X) AppleWebKit/604.1.38 (KHTML, like Gecko) Version/11.0 Mobile/15A372 Safari/604.1"
::1 - - [08/Jan/2019:19:39:05 +0000] "OPTIONS /access/init HTTP/1.1" 204 0 "-" "Mozilla/5.0 (iPhone; CPU iPhone OS 11_0 like Mac OS X) AppleWebKit/604.1.38 (KHTML, like Gecko) Version/11.0 Mobile/15A372 Safari/604.1"
::1 - - [08/Jan/2019:19:39:05 +0000] "POST /access/init HTTP/1.1" 200 132 "http://localhost:2200/register" "Mozilla/5.0 (iPhone; CPU iPhone OS 11_0 like Mac OS X) AppleWebKit/604.1.38 (KHTML, like Gecko) Version/11.0 Mobile/15A372 Safari/604.1"
::1 - - [08/Jan/2019:19:39:17 +0000] "OPTIONS /access/init HTTP/1.1" 204 0 "-" "Mozilla/5.0 (iPhone; CPU iPhone OS 11_0 like Mac OS X) AppleWebKit/604.1.38 (KHTML, like Gecko) Version/11.0 Mobile/15A372 Safari/604.1"
::1 - - [08/Jan/2019:19:39:17 +0000] "POST /access/init HTTP/1.1" 200 132 "http://localhost:2200/register" "Mozilla/5.0 (iPhone; CPU iPhone OS 11_0 like Mac OS X) AppleWebKit/604.1.38 (KHTML, like Gecko) Version/11.0 Mobile/15A372 Safari/604.1"
::1 - - [08/Jan/2019:19:39:17 +0000] "OPTIONS /verify/user HTTP/1.1" 204 0 "-" "Mozilla/5.0 (iPhone; CPU iPhone OS 11_0 like Mac OS X) AppleWebKit/604.1.38 (KHTML, like Gecko) Version/11.0 Mobile/15A372 Safari/604.1"
::1 - - [08/Jan/2019:19:39:17 +0000] "POST /verify/user HTTP/1.1" 401 58 "http://localhost:2200/register" "Mozilla/5.0 (iPhone; CPU iPhone OS 11_0 like Mac OS X) AppleWebKit/604.1.38 (KHTML, like Gecko) Version/11.0 Mobile/15A372 Safari/604.1"
::1 - - [08/Jan/2019:19:46:47 +0000] "OPTIONS /access/init HTTP/1.1" 204 0 "-" "Mozilla/5.0 (iPhone; CPU iPhone OS 11_0 like Mac OS X) AppleWebKit/604.1.38 (KHTML, like Gecko) Version/11.0 Mobile/15A372 Safari/604.1"
::1 - - [08/Jan/2019:19:46:47 +0000] "POST /access/init HTTP/1.1" 200 132 "http://localhost:2200/register" "Mozilla/5.0 (iPhone; CPU iPhone OS 11_0 like Mac OS X) AppleWebKit/604.1.38 (KHTML, like Gecko) Version/11.0 Mobile/15A372 Safari/604.1"
::1 - - [08/Jan/2019:19:46:48 +0000] "OPTIONS /verify/user HTTP/1.1" 204 0 "-" "Mozilla/5.0 (iPhone; CPU iPhone OS 11_0 like Mac OS X) AppleWebKit/604.1.38 (KHTML, like Gecko) Version/11.0 Mobile/15A372 Safari/604.1"
::1 - - [08/Jan/2019:19:46:48 +0000] "POST /verify/user HTTP/1.1" 401 58 "http://localhost:2200/register" "Mozilla/5.0 (iPhone; CPU iPhone OS 11_0 like Mac OS X) AppleWebKit/604.1.38 (KHTML, like Gecko) Version/11.0 Mobile/15A372 Safari/604.1"
::1 - - [08/Jan/2019:19:49:14 +0000] "OPTIONS /access/init HTTP/1.1" 204 0 "-" "Mozilla/5.0 (iPhone; CPU iPhone OS 11_0 like Mac OS X) AppleWebKit/604.1.38 (KHTML, like Gecko) Version/11.0 Mobile/15A372 Safari/604.1"
::1 - - [08/Jan/2019:19:49:14 +0000] "POST /access/init HTTP/1.1" 200 132 "http://localhost:2200/register" "Mozilla/5.0 (iPhone; CPU iPhone OS 11_0 like Mac OS X) AppleWebKit/604.1.38 (KHTML, like Gecko) Version/11.0 Mobile/15A372 Safari/604.1"
::1 - - [08/Jan/2019:19:49:14 +0000] "OPTIONS /verify/user HTTP/1.1" 204 0 "-" "Mozilla/5.0 (iPhone; CPU iPhone OS 11_0 like Mac OS X) AppleWebKit/604.1.38 (KHTML, like Gecko) Version/11.0 Mobile/15A372 Safari/604.1"
::1 - - [08/Jan/2019:19:49:14 +0000] "POST /verify/user HTTP/1.1" 401 58 "http://localhost:2200/register" "Mozilla/5.0 (iPhone; CPU iPhone OS 11_0 like Mac OS X) AppleWebKit/604.1.38 (KHTML, like Gecko) Version/11.0 Mobile/15A372 Safari/604.1"
::1 - - [08/Jan/2019:19:54:52 +0000] "OPTIONS /access/init HTTP/1.1" 204 0 "http://localhost:2229/register" "Mozilla/5.0 (Macintosh; Intel Mac OS X 10_13_6) AppleWebKit/537.36 (KHTML, like Gecko) Chrome/71.0.3578.98 Safari/537.36"
::1 - - [08/Jan/2019:19:54:52 +0000] "POST /access/init HTTP/1.1" 200 132 "http://localhost:2229/register" "Mozilla/5.0 (Macintosh; Intel Mac OS X 10_13_6) AppleWebKit/537.36 (KHTML, like Gecko) Chrome/71.0.3578.98 Safari/537.36"
::1 - - [08/Jan/2019:19:54:52 +0000] "OPTIONS /verify/user HTTP/1.1" 204 0 "http://localhost:2229/register" "Mozilla/5.0 (Macintosh; Intel Mac OS X 10_13_6) AppleWebKit/537.36 (KHTML, like Gecko) Chrome/71.0.3578.98 Safari/537.36"
::1 - - [08/Jan/2019:19:54:52 +0000] "POST /verify/user HTTP/1.1" 401 58 "http://localhost:2229/register" "Mozilla/5.0 (Macintosh; Intel Mac OS X 10_13_6) AppleWebKit/537.36 (KHTML, like Gecko) Chrome/71.0.3578.98 Safari/537.36"
::1 - - [08/Jan/2019:19:56:03 +0000] "OPTIONS /access/init HTTP/1.1" 204 0 "-" "Mozilla/5.0 (iPhone; CPU iPhone OS 11_0 like Mac OS X) AppleWebKit/604.1.38 (KHTML, like Gecko) Version/11.0 Mobile/15A372 Safari/604.1"
::1 - - [08/Jan/2019:19:56:03 +0000] "POST /access/init HTTP/1.1" 200 132 "http://localhost:2229/register" "Mozilla/5.0 (iPhone; CPU iPhone OS 11_0 like Mac OS X) AppleWebKit/604.1.38 (KHTML, like Gecko) Version/11.0 Mobile/15A372 Safari/604.1"
::1 - - [08/Jan/2019:19:56:03 +0000] "OPTIONS /verify/user HTTP/1.1" 204 0 "-" "Mozilla/5.0 (iPhone; CPU iPhone OS 11_0 like Mac OS X) AppleWebKit/604.1.38 (KHTML, like Gecko) Version/11.0 Mobile/15A372 Safari/604.1"
::1 - - [08/Jan/2019:19:56:03 +0000] "POST /verify/user HTTP/1.1" 401 58 "http://localhost:2229/register" "Mozilla/5.0 (iPhone; CPU iPhone OS 11_0 like Mac OS X) AppleWebKit/604.1.38 (KHTML, like Gecko) Version/11.0 Mobile/15A372 Safari/604.1"
::1 - - [08/Jan/2019:19:57:15 +0000] "OPTIONS /access/init HTTP/1.1" 204 0 "-" "Mozilla/5.0 (iPhone; CPU iPhone OS 11_0 like Mac OS X) AppleWebKit/604.1.38 (KHTML, like Gecko) Version/11.0 Mobile/15A372 Safari/604.1"
::1 - - [08/Jan/2019:19:57:15 +0000] "POST /access/init HTTP/1.1" 200 132 "http://localhost:2229/register" "Mozilla/5.0 (iPhone; CPU iPhone OS 11_0 like Mac OS X) AppleWebKit/604.1.38 (KHTML, like Gecko) Version/11.0 Mobile/15A372 Safari/604.1"
::1 - - [08/Jan/2019:19:57:15 +0000] "OPTIONS /verify/user HTTP/1.1" 204 0 "-" "Mozilla/5.0 (iPhone; CPU iPhone OS 11_0 like Mac OS X) AppleWebKit/604.1.38 (KHTML, like Gecko) Version/11.0 Mobile/15A372 Safari/604.1"
::1 - - [08/Jan/2019:19:57:15 +0000] "POST /verify/user HTTP/1.1" 401 58 "http://localhost:2229/register" "Mozilla/5.0 (iPhone; CPU iPhone OS 11_0 like Mac OS X) AppleWebKit/604.1.38 (KHTML, like Gecko) Version/11.0 Mobile/15A372 Safari/604.1"
::1 - - [08/Jan/2019:19:59:14 +0000] "OPTIONS /access/init HTTP/1.1" 204 0 "-" "Mozilla/5.0 (iPhone; CPU iPhone OS 11_0 like Mac OS X) AppleWebKit/604.1.38 (KHTML, like Gecko) Version/11.0 Mobile/15A372 Safari/604.1"
::1 - - [08/Jan/2019:19:59:14 +0000] "POST /access/init HTTP/1.1" 200 132 "http://localhost:2229/register" "Mozilla/5.0 (iPhone; CPU iPhone OS 11_0 like Mac OS X) AppleWebKit/604.1.38 (KHTML, like Gecko) Version/11.0 Mobile/15A372 Safari/604.1"
::1 - - [08/Jan/2019:19:59:14 +0000] "OPTIONS /verify/user HTTP/1.1" 204 0 "-" "Mozilla/5.0 (iPhone; CPU iPhone OS 11_0 like Mac OS X) AppleWebKit/604.1.38 (KHTML, like Gecko) Version/11.0 Mobile/15A372 Safari/604.1"
::1 - - [08/Jan/2019:19:59:14 +0000] "POST /verify/user HTTP/1.1" 401 58 "http://localhost:2229/register" "Mozilla/5.0 (iPhone; CPU iPhone OS 11_0 like Mac OS X) AppleWebKit/604.1.38 (KHTML, like Gecko) Version/11.0 Mobile/15A372 Safari/604.1"
::1 - - [08/Jan/2019:20:04:27 +0000] "OPTIONS /access/init HTTP/1.1" 204 0 "-" "Mozilla/5.0 (iPhone; CPU iPhone OS 11_0 like Mac OS X) AppleWebKit/604.1.38 (KHTML, like Gecko) Version/11.0 Mobile/15A372 Safari/604.1"
::1 - - [08/Jan/2019:20:04:27 +0000] "POST /access/init HTTP/1.1" 200 132 "http://localhost:2229/register" "Mozilla/5.0 (iPhone; CPU iPhone OS 11_0 like Mac OS X) AppleWebKit/604.1.38 (KHTML, like Gecko) Version/11.0 Mobile/15A372 Safari/604.1"
::1 - - [08/Jan/2019:20:04:27 +0000] "OPTIONS /verify/user HTTP/1.1" 204 0 "-" "Mozilla/5.0 (iPhone; CPU iPhone OS 11_0 like Mac OS X) AppleWebKit/604.1.38 (KHTML, like Gecko) Version/11.0 Mobile/15A372 Safari/604.1"
::1 - - [08/Jan/2019:20:04:27 +0000] "POST /verify/user HTTP/1.1" 401 58 "http://localhost:2229/register" "Mozilla/5.0 (iPhone; CPU iPhone OS 11_0 like Mac OS X) AppleWebKit/604.1.38 (KHTML, like Gecko) Version/11.0 Mobile/15A372 Safari/604.1"
::1 - - [08/Jan/2019:20:07:17 +0000] "OPTIONS /access/init HTTP/1.1" 204 0 "-" "Mozilla/5.0 (iPhone; CPU iPhone OS 11_0 like Mac OS X) AppleWebKit/604.1.38 (KHTML, like Gecko) Version/11.0 Mobile/15A372 Safari/604.1"
::1 - - [08/Jan/2019:20:07:17 +0000] "POST /access/init HTTP/1.1" 200 132 "http://localhost:2229/register" "Mozilla/5.0 (iPhone; CPU iPhone OS 11_0 like Mac OS X) AppleWebKit/604.1.38 (KHTML, like Gecko) Version/11.0 Mobile/15A372 Safari/604.1"
::1 - - [08/Jan/2019:20:07:17 +0000] "OPTIONS /verify/user HTTP/1.1" 204 0 "-" "Mozilla/5.0 (iPhone; CPU iPhone OS 11_0 like Mac OS X) AppleWebKit/604.1.38 (KHTML, like Gecko) Version/11.0 Mobile/15A372 Safari/604.1"
::1 - - [08/Jan/2019:20:07:17 +0000] "POST /verify/user HTTP/1.1" 401 58 "http://localhost:2229/register" "Mozilla/5.0 (iPhone; CPU iPhone OS 11_0 like Mac OS X) AppleWebKit/604.1.38 (KHTML, like Gecko) Version/11.0 Mobile/15A372 Safari/604.1"
::1 - - [08/Jan/2019:20:08:13 +0000] "OPTIONS /access/init HTTP/1.1" 204 0 "-" "Mozilla/5.0 (iPhone; CPU iPhone OS 11_0 like Mac OS X) AppleWebKit/604.1.38 (KHTML, like Gecko) Version/11.0 Mobile/15A372 Safari/604.1"
::1 - - [08/Jan/2019:20:08:13 +0000] "POST /access/init HTTP/1.1" 200 132 "http://localhost:2229/register" "Mozilla/5.0 (iPhone; CPU iPhone OS 11_0 like Mac OS X) AppleWebKit/604.1.38 (KHTML, like Gecko) Version/11.0 Mobile/15A372 Safari/604.1"
::1 - - [08/Jan/2019:20:08:13 +0000] "OPTIONS /verify/user HTTP/1.1" 204 0 "-" "Mozilla/5.0 (iPhone; CPU iPhone OS 11_0 like Mac OS X) AppleWebKit/604.1.38 (KHTML, like Gecko) Version/11.0 Mobile/15A372 Safari/604.1"
::1 - - [08/Jan/2019:20:08:13 +0000] "POST /verify/user HTTP/1.1" 401 58 "http://localhost:2229/register" "Mozilla/5.0 (iPhone; CPU iPhone OS 11_0 like Mac OS X) AppleWebKit/604.1.38 (KHTML, like Gecko) Version/11.0 Mobile/15A372 Safari/604.1"
::1 - - [08/Jan/2019:20:12:47 +0000] "OPTIONS /access/init HTTP/1.1" 204 0 "-" "Mozilla/5.0 (iPhone; CPU iPhone OS 11_0 like Mac OS X) AppleWebKit/604.1.38 (KHTML, like Gecko) Version/11.0 Mobile/15A372 Safari/604.1"
::1 - - [08/Jan/2019:20:12:47 +0000] "POST /access/init HTTP/1.1" 200 132 "http://localhost:2229/register" "Mozilla/5.0 (iPhone; CPU iPhone OS 11_0 like Mac OS X) AppleWebKit/604.1.38 (KHTML, like Gecko) Version/11.0 Mobile/15A372 Safari/604.1"
::1 - - [08/Jan/2019:20:12:47 +0000] "OPTIONS /verify/user HTTP/1.1" 204 0 "-" "Mozilla/5.0 (iPhone; CPU iPhone OS 11_0 like Mac OS X) AppleWebKit/604.1.38 (KHTML, like Gecko) Version/11.0 Mobile/15A372 Safari/604.1"
::1 - - [08/Jan/2019:20:12:47 +0000] "POST /verify/user HTTP/1.1" 200 36 "http://localhost:2229/register" "Mozilla/5.0 (iPhone; CPU iPhone OS 11_0 like Mac OS X) AppleWebKit/604.1.38 (KHTML, like Gecko) Version/11.0 Mobile/15A372 Safari/604.1"
::1 - - [08/Jan/2019:20:16:40 +0000] "OPTIONS /access/init HTTP/1.1" 204 0 "-" "Mozilla/5.0 (iPhone; CPU iPhone OS 11_0 like Mac OS X) AppleWebKit/604.1.38 (KHTML, like Gecko) Version/11.0 Mobile/15A372 Safari/604.1"
::1 - - [08/Jan/2019:20:16:40 +0000] "POST /access/init HTTP/1.1" 200 132 "http://localhost:2229/register" "Mozilla/5.0 (iPhone; CPU iPhone OS 11_0 like Mac OS X) AppleWebKit/604.1.38 (KHTML, like Gecko) Version/11.0 Mobile/15A372 Safari/604.1"
::1 - - [08/Jan/2019:20:16:40 +0000] "OPTIONS /verify/user HTTP/1.1" 204 0 "-" "Mozilla/5.0 (iPhone; CPU iPhone OS 11_0 like Mac OS X) AppleWebKit/604.1.38 (KHTML, like Gecko) Version/11.0 Mobile/15A372 Safari/604.1"
::1 - - [08/Jan/2019:20:16:41 +0000] "POST /verify/user HTTP/1.1" 200 36 "http://localhost:2229/register" "Mozilla/5.0 (iPhone; CPU iPhone OS 11_0 like Mac OS X) AppleWebKit/604.1.38 (KHTML, like Gecko) Version/11.0 Mobile/15A372 Safari/604.1"
::1 - - [08/Jan/2019:20:18:09 +0000] "OPTIONS /access/init HTTP/1.1" 204 0 "-" "Mozilla/5.0 (iPhone; CPU iPhone OS 11_0 like Mac OS X) AppleWebKit/604.1.38 (KHTML, like Gecko) Version/11.0 Mobile/15A372 Safari/604.1"
::1 - - [08/Jan/2019:20:18:09 +0000] "POST /access/init HTTP/1.1" 200 132 "http://localhost:2229/register" "Mozilla/5.0 (iPhone; CPU iPhone OS 11_0 like Mac OS X) AppleWebKit/604.1.38 (KHTML, like Gecko) Version/11.0 Mobile/15A372 Safari/604.1"
::1 - - [08/Jan/2019:20:18:10 +0000] "OPTIONS /verify/user HTTP/1.1" 204 0 "-" "Mozilla/5.0 (iPhone; CPU iPhone OS 11_0 like Mac OS X) AppleWebKit/604.1.38 (KHTML, like Gecko) Version/11.0 Mobile/15A372 Safari/604.1"
::1 - - [08/Jan/2019:20:18:10 +0000] "POST /verify/user HTTP/1.1" 401 46 "http://localhost:2229/register" "Mozilla/5.0 (iPhone; CPU iPhone OS 11_0 like Mac OS X) AppleWebKit/604.1.38 (KHTML, like Gecko) Version/11.0 Mobile/15A372 Safari/604.1"
::1 - - [08/Jan/2019:20:23:52 +0000] "OPTIONS /access/init HTTP/1.1" 204 0 "-" "Mozilla/5.0 (iPhone; CPU iPhone OS 11_0 like Mac OS X) AppleWebKit/604.1.38 (KHTML, like Gecko) Version/11.0 Mobile/15A372 Safari/604.1"
::1 - - [08/Jan/2019:20:23:52 +0000] "POST /access/init HTTP/1.1" 200 132 "http://localhost:2229/register" "Mozilla/5.0 (iPhone; CPU iPhone OS 11_0 like Mac OS X) AppleWebKit/604.1.38 (KHTML, like Gecko) Version/11.0 Mobile/15A372 Safari/604.1"
::1 - - [08/Jan/2019:20:23:52 +0000] "OPTIONS /verify/user HTTP/1.1" 204 0 "-" "Mozilla/5.0 (iPhone; CPU iPhone OS 11_0 like Mac OS X) AppleWebKit/604.1.38 (KHTML, like Gecko) Version/11.0 Mobile/15A372 Safari/604.1"
::1 - - [08/Jan/2019:20:23:52 +0000] "POST /verify/user HTTP/1.1" 200 36 "http://localhost:2229/register" "Mozilla/5.0 (iPhone; CPU iPhone OS 11_0 like Mac OS X) AppleWebKit/604.1.38 (KHTML, like Gecko) Version/11.0 Mobile/15A372 Safari/604.1"
::1 - - [08/Jan/2019:20:24:59 +0000] "OPTIONS /access/init HTTP/1.1" 204 0 "-" "Mozilla/5.0 (iPhone; CPU iPhone OS 11_0 like Mac OS X) AppleWebKit/604.1.38 (KHTML, like Gecko) Version/11.0 Mobile/15A372 Safari/604.1"
::1 - - [08/Jan/2019:20:24:59 +0000] "POST /access/init HTTP/1.1" 200 132 "http://localhost:2229/register" "Mozilla/5.0 (iPhone; CPU iPhone OS 11_0 like Mac OS X) AppleWebKit/604.1.38 (KHTML, like Gecko) Version/11.0 Mobile/15A372 Safari/604.1"
::1 - - [08/Jan/2019:20:24:59 +0000] "OPTIONS /verify/user HTTP/1.1" 204 0 "-" "Mozilla/5.0 (iPhone; CPU iPhone OS 11_0 like Mac OS X) AppleWebKit/604.1.38 (KHTML, like Gecko) Version/11.0 Mobile/15A372 Safari/604.1"
::1 - - [08/Jan/2019:20:24:59 +0000] "POST /verify/user HTTP/1.1" 200 36 "http://localhost:2229/register" "Mozilla/5.0 (iPhone; CPU iPhone OS 11_0 like Mac OS X) AppleWebKit/604.1.38 (KHTML, like Gecko) Version/11.0 Mobile/15A372 Safari/604.1"
::1 - - [08/Jan/2019:20:28:07 +0000] "OPTIONS /access/init HTTP/1.1" 204 0 "-" "Mozilla/5.0 (iPhone; CPU iPhone OS 11_0 like Mac OS X) AppleWebKit/604.1.38 (KHTML, like Gecko) Version/11.0 Mobile/15A372 Safari/604.1"
::1 - - [08/Jan/2019:20:28:07 +0000] "POST /access/init HTTP/1.1" 200 132 "http://localhost:2229/register" "Mozilla/5.0 (iPhone; CPU iPhone OS 11_0 like Mac OS X) AppleWebKit/604.1.38 (KHTML, like Gecko) Version/11.0 Mobile/15A372 Safari/604.1"
::1 - - [08/Jan/2019:20:28:07 +0000] "OPTIONS /verify/user HTTP/1.1" 204 0 "-" "Mozilla/5.0 (iPhone; CPU iPhone OS 11_0 like Mac OS X) AppleWebKit/604.1.38 (KHTML, like Gecko) Version/11.0 Mobile/15A372 Safari/604.1"
::1 - - [08/Jan/2019:20:28:07 +0000] "POST /verify/user HTTP/1.1" 200 79 "http://localhost:2229/register" "Mozilla/5.0 (iPhone; CPU iPhone OS 11_0 like Mac OS X) AppleWebKit/604.1.38 (KHTML, like Gecko) Version/11.0 Mobile/15A372 Safari/604.1"
::1 - - [08/Jan/2019:20:28:07 +0000] "OPTIONS /register/user HTTP/1.1" 204 0 "-" "Mozilla/5.0 (iPhone; CPU iPhone OS 11_0 like Mac OS X) AppleWebKit/604.1.38 (KHTML, like Gecko) Version/11.0 Mobile/15A372 Safari/604.1"
::1 - - [08/Jan/2019:20:28:08 +0000] "POST /register/user HTTP/1.1" 200 82 "http://localhost:2229/register" "Mozilla/5.0 (iPhone; CPU iPhone OS 11_0 like Mac OS X) AppleWebKit/604.1.38 (KHTML, like Gecko) Version/11.0 Mobile/15A372 Safari/604.1"
::1 - - [08/Jan/2019:20:41:59 +0000] "OPTIONS /access/init HTTP/1.1" 204 0 "http://localhost:2229/register" "Mozilla/5.0 (Macintosh; Intel Mac OS X 10_13_6) AppleWebKit/605.1.15 (KHTML, like Gecko) Version/12.0.2 Safari/605.1.15"
::1 - - [08/Jan/2019:20:41:59 +0000] "POST /access/init HTTP/1.1" 200 132 "http://localhost:2229/register" "Mozilla/5.0 (Macintosh; Intel Mac OS X 10_13_6) AppleWebKit/605.1.15 (KHTML, like Gecko) Version/12.0.2 Safari/605.1.15"
::1 - - [08/Jan/2019:20:41:59 +0000] "OPTIONS /verify/user HTTP/1.1" 204 0 "http://localhost:2229/register" "Mozilla/5.0 (Macintosh; Intel Mac OS X 10_13_6) AppleWebKit/605.1.15 (KHTML, like Gecko) Version/12.0.2 Safari/605.1.15"
::1 - - [08/Jan/2019:20:42:00 +0000] "POST /verify/user HTTP/1.1" 200 36 "http://localhost:2229/register" "Mozilla/5.0 (Macintosh; Intel Mac OS X 10_13_6) AppleWebKit/605.1.15 (KHTML, like Gecko) Version/12.0.2 Safari/605.1.15"
::1 - - [08/Jan/2019:20:42:13 +0000] "OPTIONS /access/init HTTP/1.1" 204 0 "http://localhost:2229/register" "Mozilla/5.0 (Macintosh; Intel Mac OS X 10_13_6) AppleWebKit/605.1.15 (KHTML, like Gecko) Version/12.0.2 Safari/605.1.15"
::1 - - [08/Jan/2019:20:42:14 +0000] "POST /access/init HTTP/1.1" 200 132 "http://localhost:2229/register" "Mozilla/5.0 (Macintosh; Intel Mac OS X 10_13_6) AppleWebKit/605.1.15 (KHTML, like Gecko) Version/12.0.2 Safari/605.1.15"
::1 - - [08/Jan/2019:20:42:14 +0000] "OPTIONS /verify/user HTTP/1.1" 204 0 "http://localhost:2229/register" "Mozilla/5.0 (Macintosh; Intel Mac OS X 10_13_6) AppleWebKit/605.1.15 (KHTML, like Gecko) Version/12.0.2 Safari/605.1.15"
::1 - - [08/Jan/2019:20:42:14 +0000] "POST /verify/user HTTP/1.1" 200 79 "http://localhost:2229/register" "Mozilla/5.0 (Macintosh; Intel Mac OS X 10_13_6) AppleWebKit/605.1.15 (KHTML, like Gecko) Version/12.0.2 Safari/605.1.15"
::1 - - [08/Jan/2019:20:42:14 +0000] "OPTIONS /register/user HTTP/1.1" 204 0 "http://localhost:2229/register" "Mozilla/5.0 (Macintosh; Intel Mac OS X 10_13_6) AppleWebKit/605.1.15 (KHTML, like Gecko) Version/12.0.2 Safari/605.1.15"
::1 - - [08/Jan/2019:20:42:15 +0000] "POST /register/user HTTP/1.1" 200 82 "http://localhost:2229/register" "Mozilla/5.0 (Macintosh; Intel Mac OS X 10_13_6) AppleWebKit/605.1.15 (KHTML, like Gecko) Version/12.0.2 Safari/605.1.15"
::1 - - [08/Jan/2019:20:47:37 +0000] "OPTIONS /access/init HTTP/1.1" 204 0 "-" "Mozilla/5.0 (iPhone; CPU iPhone OS 11_0 like Mac OS X) AppleWebKit/604.1.38 (KHTML, like Gecko) Version/11.0 Mobile/15A372 Safari/604.1"
::1 - - [08/Jan/2019:20:47:38 +0000] "POST /access/init HTTP/1.1" 200 132 "http://localhost:2229/register" "Mozilla/5.0 (iPhone; CPU iPhone OS 11_0 like Mac OS X) AppleWebKit/604.1.38 (KHTML, like Gecko) Version/11.0 Mobile/15A372 Safari/604.1"
::1 - - [08/Jan/2019:20:47:56 +0000] "OPTIONS /access/init HTTP/1.1" 204 0 "-" "Mozilla/5.0 (iPhone; CPU iPhone OS 11_0 like Mac OS X) AppleWebKit/604.1.38 (KHTML, like Gecko) Version/11.0 Mobile/15A372 Safari/604.1"
::1 - - [08/Jan/2019:20:47:56 +0000] "POST /access/init HTTP/1.1" 200 132 "http://localhost:2229/register" "Mozilla/5.0 (iPhone; CPU iPhone OS 11_0 like Mac OS X) AppleWebKit/604.1.38 (KHTML, like Gecko) Version/11.0 Mobile/15A372 Safari/604.1"
::1 - - [08/Jan/2019:20:47:56 +0000] "OPTIONS /verify/user HTTP/1.1" 204 0 "-" "Mozilla/5.0 (iPhone; CPU iPhone OS 11_0 like Mac OS X) AppleWebKit/604.1.38 (KHTML, like Gecko) Version/11.0 Mobile/15A372 Safari/604.1"
::1 - - [08/Jan/2019:20:47:56 +0000] "POST /verify/user HTTP/1.1" 200 79 "http://localhost:2229/register" "Mozilla/5.0 (iPhone; CPU iPhone OS 11_0 like Mac OS X) AppleWebKit/604.1.38 (KHTML, like Gecko) Version/11.0 Mobile/15A372 Safari/604.1"
::1 - - [08/Jan/2019:20:47:56 +0000] "OPTIONS /register/user HTTP/1.1" 204 0 "-" "Mozilla/5.0 (iPhone; CPU iPhone OS 11_0 like Mac OS X) AppleWebKit/604.1.38 (KHTML, like Gecko) Version/11.0 Mobile/15A372 Safari/604.1"
::1 - - [08/Jan/2019:20:47:56 +0000] "POST /register/user HTTP/1.1" 200 81 "http://localhost:2229/register" "Mozilla/5.0 (iPhone; CPU iPhone OS 11_0 like Mac OS X) AppleWebKit/604.1.38 (KHTML, like Gecko) Version/11.0 Mobile/15A372 Safari/604.1"
::1 - - [08/Jan/2019:20:50:20 +0000] "OPTIONS /access/init HTTP/1.1" 204 0 "-" "Mozilla/5.0 (iPhone; CPU iPhone OS 11_0 like Mac OS X) AppleWebKit/604.1.38 (KHTML, like Gecko) Version/11.0 Mobile/15A372 Safari/604.1"
::1 - - [08/Jan/2019:20:50:20 +0000] "POST /access/init HTTP/1.1" 200 132 "http://localhost:2229/register" "Mozilla/5.0 (iPhone; CPU iPhone OS 11_0 like Mac OS X) AppleWebKit/604.1.38 (KHTML, like Gecko) Version/11.0 Mobile/15A372 Safari/604.1"
::1 - - [08/Jan/2019:20:51:27 +0000] "OPTIONS /access/init HTTP/1.1" 204 0 "-" "Mozilla/5.0 (iPhone; CPU iPhone OS 11_0 like Mac OS X) AppleWebKit/604.1.38 (KHTML, like Gecko) Version/11.0 Mobile/15A372 Safari/604.1"
::1 - - [08/Jan/2019:20:51:27 +0000] "POST /access/init HTTP/1.1" 200 132 "http://localhost:2229/register" "Mozilla/5.0 (iPhone; CPU iPhone OS 11_0 like Mac OS X) AppleWebKit/604.1.38 (KHTML, like Gecko) Version/11.0 Mobile/15A372 Safari/604.1"
::1 - - [08/Jan/2019:20:51:27 +0000] "OPTIONS /verify/user HTTP/1.1" 204 0 "-" "Mozilla/5.0 (iPhone; CPU iPhone OS 11_0 like Mac OS X) AppleWebKit/604.1.38 (KHTML, like Gecko) Version/11.0 Mobile/15A372 Safari/604.1"
::1 - - [08/Jan/2019:20:51:27 +0000] "POST /verify/user HTTP/1.1" 200 79 "http://localhost:2229/register" "Mozilla/5.0 (iPhone; CPU iPhone OS 11_0 like Mac OS X) AppleWebKit/604.1.38 (KHTML, like Gecko) Version/11.0 Mobile/15A372 Safari/604.1"
::1 - - [08/Jan/2019:20:51:27 +0000] "OPTIONS /register/user HTTP/1.1" 204 0 "-" "Mozilla/5.0 (iPhone; CPU iPhone OS 11_0 like Mac OS X) AppleWebKit/604.1.38 (KHTML, like Gecko) Version/11.0 Mobile/15A372 Safari/604.1"
::1 - - [08/Jan/2019:20:51:28 +0000] "POST /register/user HTTP/1.1" 200 81 "http://localhost:2229/register" "Mozilla/5.0 (iPhone; CPU iPhone OS 11_0 like Mac OS X) AppleWebKit/604.1.38 (KHTML, like Gecko) Version/11.0 Mobile/15A372 Safari/604.1"
::1 - - [08/Jan/2019:20:53:00 +0000] "OPTIONS /access/init HTTP/1.1" 204 0 "http://localhost:2229/register" "Mozilla/5.0 (Macintosh; Intel Mac OS X 10_13_6) AppleWebKit/605.1.15 (KHTML, like Gecko) Version/12.0.2 Safari/605.1.15"
::1 - - [08/Jan/2019:20:53:00 +0000] "POST /access/init HTTP/1.1" 200 132 "http://localhost:2229/register" "Mozilla/5.0 (Macintosh; Intel Mac OS X 10_13_6) AppleWebKit/605.1.15 (KHTML, like Gecko) Version/12.0.2 Safari/605.1.15"
::1 - - [08/Jan/2019:20:53:00 +0000] "OPTIONS /verify/user HTTP/1.1" 204 0 "http://localhost:2229/register" "Mozilla/5.0 (Macintosh; Intel Mac OS X 10_13_6) AppleWebKit/605.1.15 (KHTML, like Gecko) Version/12.0.2 Safari/605.1.15"
::1 - - [08/Jan/2019:20:53:00 +0000] "POST /verify/user HTTP/1.1" 200 36 "http://localhost:2229/register" "Mozilla/5.0 (Macintosh; Intel Mac OS X 10_13_6) AppleWebKit/605.1.15 (KHTML, like Gecko) Version/12.0.2 Safari/605.1.15"
::1 - - [08/Jan/2019:20:53:26 +0000] "OPTIONS /access/init HTTP/1.1" 204 0 "http://localhost:2229/register" "Mozilla/5.0 (Macintosh; Intel Mac OS X 10_13_6) AppleWebKit/605.1.15 (KHTML, like Gecko) Version/12.0.2 Safari/605.1.15"
::1 - - [08/Jan/2019:20:53:26 +0000] "POST /access/init HTTP/1.1" 200 132 "http://localhost:2229/register" "Mozilla/5.0 (Macintosh; Intel Mac OS X 10_13_6) AppleWebKit/605.1.15 (KHTML, like Gecko) Version/12.0.2 Safari/605.1.15"
::1 - - [08/Jan/2019:20:53:26 +0000] "OPTIONS /verify/user HTTP/1.1" 204 0 "http://localhost:2229/register" "Mozilla/5.0 (Macintosh; Intel Mac OS X 10_13_6) AppleWebKit/605.1.15 (KHTML, like Gecko) Version/12.0.2 Safari/605.1.15"
::1 - - [08/Jan/2019:20:53:26 +0000] "POST /verify/user HTTP/1.1" 200 79 "http://localhost:2229/register" "Mozilla/5.0 (Macintosh; Intel Mac OS X 10_13_6) AppleWebKit/605.1.15 (KHTML, like Gecko) Version/12.0.2 Safari/605.1.15"
::1 - - [08/Jan/2019:20:53:26 +0000] "OPTIONS /register/user HTTP/1.1" 204 0 "http://localhost:2229/register" "Mozilla/5.0 (Macintosh; Intel Mac OS X 10_13_6) AppleWebKit/605.1.15 (KHTML, like Gecko) Version/12.0.2 Safari/605.1.15"
::1 - - [08/Jan/2019:20:53:26 +0000] "POST /register/user HTTP/1.1" 200 82 "http://localhost:2229/register" "Mozilla/5.0 (Macintosh; Intel Mac OS X 10_13_6) AppleWebKit/605.1.15 (KHTML, like Gecko) Version/12.0.2 Safari/605.1.15"
